0 info it worked if it ends with ok
1 verbose cli [ '/usr/local/bin/node',
1 verbose cli   '/usr/local/bin/npm',
1 verbose cli   'view',
1 verbose cli   'ReactScriptLoader',
1 verbose cli   'version' ]
2 info using npm@3.3.6
3 info using node@v5.0.0
4 silly mapToRegistry name ReactScriptLoader
5 silly mapToRegistry using default registry
6 silly mapToRegistry registry https://registry.npmjs.org/
7 silly mapToRegistry uri https://registry.npmjs.org/ReactScriptLoader
8 verbose request uri https://registry.npmjs.org/ReactScriptLoader
9 verbose request no auth needed
10 info attempt registry request try #1 at 2:01:55 AM
11 verbose request id 2d221f586919d5ba
12 http request GET https://registry.npmjs.org/ReactScriptLoader
13 http 404 https://registry.npmjs.org/ReactScriptLoader
14 verbose headers { 'content-type': 'application/json',
14 verbose headers   'cache-control': 'max-age=0',
14 verbose headers   'content-length': '2',
14 verbose headers   'accept-ranges': 'bytes',
14 verbose headers   date: 'Mon, 21 Dec 2015 18:01:56 GMT',
14 verbose headers   via: '1.1 varnish',
14 verbose headers   age: '0',
14 verbose headers   connection: 'keep-alive',
14 verbose headers   'x-served-by': 'cache-sin6925-SIN',
14 verbose headers   'x-cache': 'MISS',
14 verbose headers   'x-cache-hits': '0',
14 verbose headers   'x-timer': 'S1450720915.882777,VS0,VE969' }
15 silly get cb [ 404,
15 silly get   { 'content-type': 'application/json',
15 silly get     'cache-control': 'max-age=0',
15 silly get     'content-length': '2',
15 silly get     'accept-ranges': 'bytes',
15 silly get     date: 'Mon, 21 Dec 2015 18:01:56 GMT',
15 silly get     via: '1.1 varnish',
15 silly get     age: '0',
15 silly get     connection: 'keep-alive',
15 silly get     'x-served-by': 'cache-sin6925-SIN',
15 silly get     'x-cache': 'MISS',
15 silly get     'x-cache-hits': '0',
15 silly get     'x-timer': 'S1450720915.882777,VS0,VE969' } ]
16 verbose stack Error: Registry returned 404 for GET on https://registry.npmjs.org/ReactScriptLoader
16 verbose stack     at makeError (/usr/local/lib/node_modules/npm/node_modules/npm-registry-client/lib/request.js:264:12)
16 verbose stack     at CachingRegistryClient.<anonymous> (/usr/local/lib/node_modules/npm/node_modules/npm-registry-client/lib/request.js:242:14)
16 verbose stack     at Request._callback (/usr/local/lib/node_modules/npm/node_modules/npm-registry-client/lib/request.js:172:14)
16 verbose stack     at Request.self.callback (/usr/local/lib/node_modules/npm/node_modules/request/request.js:198:22)
16 verbose stack     at emitTwo (events.js:87:13)
16 verbose stack     at Request.emit (events.js:172:7)
16 verbose stack     at Request.<anonymous> (/usr/local/lib/node_modules/npm/node_modules/request/request.js:1063:14)
16 verbose stack     at emitOne (events.js:82:20)
16 verbose stack     at Request.emit (events.js:169:7)
16 verbose stack     at IncomingMessage.<anonymous> (/usr/local/lib/node_modules/npm/node_modules/request/request.js:1009:12)
17 verbose statusCode 404
18 verbose pkgid ReactScriptLoader
19 verbose cwd /Users/WSWGB/gps-trails-visualizer/client-ui
20 error Darwin 15.0.0
21 error argv "/usr/local/bin/node" "/usr/local/bin/npm" "view" "ReactScriptLoader" "version"
22 error node v5.0.0
23 error npm  v3.3.6
24 error code E404
25 error 404 Registry returned 404 for GET on https://registry.npmjs.org/ReactScriptLoader
25 error 404
25 error 404 'ReactScriptLoader' is not in the npm registry.
25 error 404 Your package name is not valid, because
25 error 404
25 error 404  1. name can no longer contain capital letters
25 error 404
25 error 404 Note that you can also install from a
25 error 404 tarball, folder, http url, or git url.
26 verbose exit [ 1, true ]
